  main.cpp
  gltf.cpp
C:\Sarthak\projects\3d_anim_renderer\src\model_loading\gltf\gltf.cpp(78,3): warning C4003: not enough arguments for function-like macro invocation 'inu_assert'
C:\Sarthak\projects\3d_anim_renderer\src\model_loading\gltf\gltf.cpp(78,3): warning C4002: too many arguments for function-like macro invocation 'assert'
C:\Sarthak\projects\3d_anim_renderer\src\model_loading\gltf\gltf.cpp(84,5): warning C4003: not enough arguments for function-like macro invocation 'inu_assert'
C:\Sarthak\projects\3d_anim_renderer\src\model_loading\gltf\gltf.cpp(84,5): warning C4002: too many arguments for function-like macro invocation 'assert'
C:\Sarthak\projects\3d_anim_renderer\src\model_loading\gltf\gltf.cpp(91,9): warning C4002: too many arguments for function-like macro invocation 'assert'
C:\Sarthak\projects\3d_anim_renderer\src\model_loading\gltf\gltf.cpp(110,3): warning C4003: not enough arguments for function-like macro invocation 'inu_assert'
C:\Sarthak\projects\3d_anim_renderer\src\model_loading\gltf\gltf.cpp(110,3): warning C4002: too many arguments for function-like macro invocation 'assert'
C:\Sarthak\projects\3d_anim_renderer\src\model_loading\gltf\gltf.cpp(144,3): warning C4003: not enough arguments for function-like macro invocation 'inu_assert'
C:\Sarthak\projects\3d_anim_renderer\src\model_loading\gltf\gltf.cpp(144,3): warning C4002: too many arguments for function-like macro invocation 'assert'
C:\Sarthak\projects\3d_anim_renderer\src\model_loading\gltf\gltf.cpp(158,3): warning C4003: not enough arguments for function-like macro invocation 'inu_assert'
C:\Sarthak\projects\3d_anim_renderer\src\model_loading\gltf\gltf.cpp(158,3): warning C4002: too many arguments for function-like macro invocation 'assert'
C:\Sarthak\projects\3d_anim_renderer\src\model_loading\gltf\gltf.cpp(168,3): warning C4003: not enough arguments for function-like macro invocation 'inu_assert'
C:\Sarthak\projects\3d_anim_renderer\src\model_loading\gltf\gltf.cpp(168,3): warning C4002: too many arguments for function-like macro invocation 'assert'
C:\Sarthak\projects\3d_anim_renderer\src\model_loading\gltf\gltf.cpp(172,5): warning C4003: not enough arguments for function-like macro invocation 'inu_assert'
C:\Sarthak\projects\3d_anim_renderer\src\model_loading\gltf\gltf.cpp(172,5): warning C4002: too many arguments for function-like macro invocation 'assert'
C:\Sarthak\projects\3d_anim_renderer\src\model_loading\gltf\gltf.cpp(188,3): warning C4003: not enough arguments for function-like macro invocation 'inu_assert'
C:\Sarthak\projects\3d_anim_renderer\src\model_loading\gltf\gltf.cpp(188,3): warning C4002: too many arguments for function-like macro invocation 'assert'
C:\Sarthak\projects\3d_anim_renderer\src\model_loading\gltf\gltf.cpp(200,3): warning C4003: not enough arguments for function-like macro invocation 'inu_assert'
C:\Sarthak\projects\3d_anim_renderer\src\model_loading\gltf\gltf.cpp(200,3): warning C4002: too many arguments for function-like macro invocation 'assert'
C:\Sarthak\projects\3d_anim_renderer\src\model_loading\gltf\gltf.cpp(207,5): warning C4003: not enough arguments for function-like macro invocation 'inu_assert'
C:\Sarthak\projects\3d_anim_renderer\src\model_loading\gltf\gltf.cpp(207,5): warning C4002: too many arguments for function-like macro invocation 'assert'
C:\Sarthak\projects\3d_anim_renderer\src\model_loading\gltf\gltf.cpp(226,3): warning C4003: not enough arguments for function-like macro invocation 'inu_assert'
C:\Sarthak\projects\3d_anim_renderer\src\model_loading\gltf\gltf.cpp(226,3): warning C4002: too many arguments for function-like macro invocation 'assert'
C:\Sarthak\projects\3d_anim_renderer\src\model_loading\gltf\gltf.cpp(236,3): warning C4003: not enough arguments for function-like macro invocation 'inu_assert'
C:\Sarthak\projects\3d_anim_renderer\src\model_loading\gltf\gltf.cpp(236,3): warning C4002: too many arguments for function-like macro invocation 'assert'
C:\Sarthak\projects\3d_anim_renderer\src\model_loading\gltf\gltf.cpp(257,3): warning C4003: not enough arguments for function-like macro invocation 'inu_assert'
C:\Sarthak\projects\3d_anim_renderer\src\model_loading\gltf\gltf.cpp(257,3): warning C4002: too many arguments for function-like macro invocation 'assert'
C:\Sarthak\projects\3d_anim_renderer\src\model_loading\gltf\gltf.cpp(263,5): warning C4003: not enough arguments for function-like macro invocation 'inu_assert'
C:\Sarthak\projects\3d_anim_renderer\src\model_loading\gltf\gltf.cpp(263,5): warning C4002: too many arguments for function-like macro invocation 'assert'
C:\Sarthak\projects\3d_anim_renderer\src\model_loading\gltf\gltf.cpp(293,3): warning C4003: not enough arguments for function-like macro invocation 'inu_assert'
C:\Sarthak\projects\3d_anim_renderer\src\model_loading\gltf\gltf.cpp(293,3): warning C4002: too many arguments for function-like macro invocation 'assert'
C:\Sarthak\projects\3d_anim_renderer\src\model_loading\gltf\gltf.cpp(299,5): warning C4003: not enough arguments for function-like macro invocation 'inu_assert'
C:\Sarthak\projects\3d_anim_renderer\src\model_loading\gltf\gltf.cpp(299,5): warning C4002: too many arguments for function-like macro invocation 'assert'
C:\Sarthak\projects\3d_anim_renderer\src\model_loading\gltf\gltf.cpp(322,3): warning C4003: not enough arguments for function-like macro invocation 'inu_assert'
C:\Sarthak\projects\3d_anim_renderer\src\model_loading\gltf\gltf.cpp(322,3): warning C4002: too many arguments for function-like macro invocation 'assert'
C:\Sarthak\projects\3d_anim_renderer\src\model_loading\gltf\gltf.cpp(336,3): warning C4003: not enough arguments for function-like macro invocation 'inu_assert'
C:\Sarthak\projects\3d_anim_renderer\src\model_loading\gltf\gltf.cpp(336,3): warning C4002: too many arguments for function-like macro invocation 'assert'
C:\Sarthak\projects\3d_anim_renderer\src\model_loading\gltf\gltf.cpp(342,5): warning C4003: not enough arguments for function-like macro invocation 'inu_assert'
C:\Sarthak\projects\3d_anim_renderer\src\model_loading\gltf\gltf.cpp(342,5): warning C4002: too many arguments for function-like macro invocation 'assert'
C:\Sarthak\projects\3d_anim_renderer\src\model_loading\gltf\gltf.cpp(361,3): warning C4003: not enough arguments for function-like macro invocation 'inu_assert'
C:\Sarthak\projects\3d_anim_renderer\src\model_loading\gltf\gltf.cpp(361,3): warning C4002: too many arguments for function-like macro invocation 'assert'
C:\Sarthak\projects\3d_anim_renderer\src\model_loading\gltf\gltf.cpp(408,3): warning C4003: not enough arguments for function-like macro invocation 'inu_assert'
C:\Sarthak\projects\3d_anim_renderer\src\model_loading\gltf\gltf.cpp(408,3): warning C4002: too many arguments for function-like macro invocation 'assert'
C:\Sarthak\projects\3d_anim_renderer\src\model_loading\gltf\gltf.cpp(412,5): warning C4003: not enough arguments for function-like macro invocation 'inu_assert'
C:\Sarthak\projects\3d_anim_renderer\src\model_loading\gltf\gltf.cpp(412,5): warning C4002: too many arguments for function-like macro invocation 'assert'
C:\Sarthak\projects\3d_anim_renderer\src\model_loading\gltf\gltf.cpp(431,3): warning C4003: not enough arguments for function-like macro invocation 'inu_assert'
C:\Sarthak\projects\3d_anim_renderer\src\model_loading\gltf\gltf.cpp(431,3): warning C4002: too many arguments for function-like macro invocation 'assert'
C:\Sarthak\projects\3d_anim_renderer\src\model_loading\gltf\gltf.cpp(443,3): warning C4003: not enough arguments for function-like macro invocation 'inu_assert'
C:\Sarthak\projects\3d_anim_renderer\src\model_loading\gltf\gltf.cpp(443,3): warning C4002: too many arguments for function-like macro invocation 'assert'
C:\Sarthak\projects\3d_anim_renderer\src\model_loading\gltf\gltf.cpp(447,5): warning C4003: not enough arguments for function-like macro invocation 'inu_assert'
C:\Sarthak\projects\3d_anim_renderer\src\model_loading\gltf\gltf.cpp(447,5): warning C4002: too many arguments for function-like macro invocation 'assert'
C:\Sarthak\projects\3d_anim_renderer\src\model_loading\gltf\gltf.cpp(470,3): warning C4003: not enough arguments for function-like macro invocation 'inu_assert'
C:\Sarthak\projects\3d_anim_renderer\src\model_loading\gltf\gltf.cpp(470,3): warning C4002: too many arguments for function-like macro invocation 'assert'
C:\Sarthak\projects\3d_anim_renderer\src\model_loading\gltf\gltf.cpp(482,3): warning C4003: not enough arguments for function-like macro invocation 'inu_assert'
C:\Sarthak\projects\3d_anim_renderer\src\model_loading\gltf\gltf.cpp(482,3): warning C4002: too many arguments for function-like macro invocation 'assert'
C:\Sarthak\projects\3d_anim_renderer\src\model_loading\gltf\gltf.cpp(487,5): warning C4003: not enough arguments for function-like macro invocation 'inu_assert'
C:\Sarthak\projects\3d_anim_renderer\src\model_loading\gltf\gltf.cpp(487,5): warning C4002: too many arguments for function-like macro invocation 'assert'
C:\Sarthak\projects\3d_anim_renderer\src\model_loading\gltf\gltf.cpp(511,3): warning C4003: not enough arguments for function-like macro invocation 'inu_assert'
C:\Sarthak\projects\3d_anim_renderer\src\model_loading\gltf\gltf.cpp(511,3): warning C4002: too many arguments for function-like macro invocation 'assert'
C:\Sarthak\projects\3d_anim_renderer\src\model_loading\gltf\gltf.cpp(521,3): warning C4003: not enough arguments for function-like macro invocation 'inu_assert'
C:\Sarthak\projects\3d_anim_renderer\src\model_loading\gltf\gltf.cpp(521,3): warning C4002: too many arguments for function-like macro invocation 'assert'
C:\Sarthak\projects\3d_anim_renderer\src\model_loading\gltf\gltf.cpp(528,5): warning C4003: not enough arguments for function-like macro invocation 'inu_assert'
C:\Sarthak\projects\3d_anim_renderer\src\model_loading\gltf\gltf.cpp(528,5): warning C4002: too many arguments for function-like macro invocation 'assert'
C:\Sarthak\projects\3d_anim_renderer\src\model_loading\gltf\gltf.cpp(546,3): warning C4003: not enough arguments for function-like macro invocation 'inu_assert'
C:\Sarthak\projects\3d_anim_renderer\src\model_loading\gltf\gltf.cpp(546,3): warning C4002: too many arguments for function-like macro invocation 'assert'
C:\Sarthak\projects\3d_anim_renderer\src\model_loading\gltf\gltf.cpp(555,3): warning C4003: not enough arguments for function-like macro invocation 'inu_assert'
C:\Sarthak\projects\3d_anim_renderer\src\model_loading\gltf\gltf.cpp(555,3): warning C4002: too many arguments for function-like macro invocation 'assert'
C:\Sarthak\projects\3d_anim_renderer\src\model_loading\gltf\gltf.cpp(562,5): warning C4003: not enough arguments for function-like macro invocation 'inu_assert'
C:\Sarthak\projects\3d_anim_renderer\src\model_loading\gltf\gltf.cpp(562,5): warning C4002: too many arguments for function-like macro invocation 'assert'
C:\Sarthak\projects\3d_anim_renderer\src\model_loading\gltf\gltf.cpp(581,3): warning C4003: not enough arguments for function-like macro invocation 'inu_assert'
C:\Sarthak\projects\3d_anim_renderer\src\model_loading\gltf\gltf.cpp(581,3): warning C4002: too many arguments for function-like macro invocation 'assert'
C:\Sarthak\projects\3d_anim_renderer\src\model_loading\gltf\gltf.cpp(590,3): warning C4003: not enough arguments for function-like macro invocation 'inu_assert'
C:\Sarthak\projects\3d_anim_renderer\src\model_loading\gltf\gltf.cpp(590,3): warning C4002: too many arguments for function-like macro invocation 'assert'
C:\Sarthak\projects\3d_anim_renderer\src\model_loading\gltf\gltf.cpp(597,5): warning C4003: not enough arguments for function-like macro invocation 'inu_assert'
C:\Sarthak\projects\3d_anim_renderer\src\model_loading\gltf\gltf.cpp(597,5): warning C4002: too many arguments for function-like macro invocation 'assert'
C:\Sarthak\projects\3d_anim_renderer\src\model_loading\gltf\gltf.cpp(619,3): warning C4003: not enough arguments for function-like macro invocation 'inu_assert'
C:\Sarthak\projects\3d_anim_renderer\src\model_loading\gltf\gltf.cpp(619,3): warning C4002: too many arguments for function-like macro invocation 'assert'
C:\Sarthak\projects\3d_anim_renderer\src\model_loading\gltf\gltf.cpp(632,3): warning C4003: not enough arguments for function-like macro invocation 'inu_assert'
C:\Sarthak\projects\3d_anim_renderer\src\model_loading\gltf\gltf.cpp(632,3): warning C4002: too many arguments for function-like macro invocation 'assert'
C:\Sarthak\projects\3d_anim_renderer\src\model_loading\gltf\gltf.cpp(636,5): warning C4003: not enough arguments for function-like macro invocation 'inu_assert'
C:\Sarthak\projects\3d_anim_renderer\src\model_loading\gltf\gltf.cpp(636,5): warning C4002: too many arguments for function-like macro invocation 'assert'
C:\Sarthak\projects\3d_anim_renderer\src\model_loading\gltf\gltf.cpp(653,3): warning C4003: not enough arguments for function-like macro invocation 'inu_assert'
C:\Sarthak\projects\3d_anim_renderer\src\model_loading\gltf\gltf.cpp(653,3): warning C4002: too many arguments for function-like macro invocation 'assert'
C:\Sarthak\projects\3d_anim_renderer\src\model_loading\gltf\gltf.cpp(659,5): warning C4003: not enough arguments for function-like macro invocation 'inu_assert'
C:\Sarthak\projects\3d_anim_renderer\src\model_loading\gltf\gltf.cpp(659,5): warning C4002: too many arguments for function-like macro invocation 'assert'
C:\Sarthak\projects\3d_anim_renderer\src\model_loading\gltf\gltf.cpp(679,3): warning C4003: not enough arguments for function-like macro invocation 'inu_assert'
C:\Sarthak\projects\3d_anim_renderer\src\model_loading\gltf\gltf.cpp(679,3): warning C4002: too many arguments for function-like macro invocation 'assert'
C:\Sarthak\projects\3d_anim_renderer\src\model_loading\gltf\gltf.cpp(686,5): warning C4003: not enough arguments for function-like macro invocation 'inu_assert'
C:\Sarthak\projects\3d_anim_renderer\src\model_loading\gltf\gltf.cpp(686,5): warning C4002: too many arguments for function-like macro invocation 'assert'
C:\Sarthak\projects\3d_anim_renderer\src\model_loading\gltf\gltf.cpp(704,3): warning C4003: not enough arguments for function-like macro invocation 'inu_assert'
C:\Sarthak\projects\3d_anim_renderer\src\model_loading\gltf\gltf.cpp(704,3): warning C4002: too many arguments for function-like macro invocation 'assert'
C:\Sarthak\projects\3d_anim_renderer\src\model_loading\gltf\gltf.cpp(719,3): warning C4002: too many arguments for function-like macro invocation 'assert'
C:\Sarthak\projects\3d_anim_renderer\src\model_loading\gltf\gltf.cpp(772,3): warning C4002: too many arguments for function-like macro invocation 'assert'
C:\Sarthak\projects\3d_anim_renderer\src\model_loading\gltf\gltf.cpp(802,3): warning C4003: not enough arguments for function-like macro invocation 'inu_assert'
C:\Sarthak\projects\3d_anim_renderer\src\model_loading\gltf\gltf.cpp(802,3): warning C4002: too many arguments for function-like macro invocation 'assert'
C:\Sarthak\projects\3d_anim_renderer\src\model_loading\gltf\gltf.cpp(842,5): warning C4002: too many arguments for function-like macro invocation 'assert'
C:\Sarthak\projects\3d_anim_renderer\src\model_loading\gltf\gltf.cpp(847,3): warning C4003: not enough arguments for function-like macro invocation 'inu_assert'
C:\Sarthak\projects\3d_anim_renderer\src\model_loading\gltf\gltf.cpp(847,3): warning C4002: too many arguments for function-like macro invocation 'assert'
C:\Sarthak\projects\3d_anim_renderer\src\model_loading\gltf\gltf.cpp(857,3): warning C4002: too many arguments for function-like macro invocation 'assert'
C:\Sarthak\projects\3d_anim_renderer\src\model_loading\gltf\gltf.cpp(880,3): warning C4002: too many arguments for function-like macro invocation 'assert'
C:\Sarthak\projects\3d_anim_renderer\src\model_loading\gltf\gltf.cpp(888,3): warning C4003: not enough arguments for function-like macro invocation 'inu_assert'
C:\Sarthak\projects\3d_anim_renderer\src\model_loading\gltf\gltf.cpp(888,3): warning C4002: too many arguments for function-like macro invocation 'assert'
C:\Sarthak\projects\3d_anim_renderer\src\model_loading\gltf\gltf.cpp(921,3): warning C4002: too many arguments for function-like macro invocation 'assert'
C:\Sarthak\projects\3d_anim_renderer\src\model_loading\gltf\gltf.cpp(944,7): warning C4002: too many arguments for function-like macro invocation 'assert'
C:\Sarthak\projects\3d_anim_renderer\src\model_loading\gltf\gltf.cpp(962,9): warning C4002: too many arguments for function-like macro invocation 'assert'
C:\Sarthak\projects\3d_anim_renderer\src\model_loading\gltf\gltf.cpp(980,11): warning C4003: not enough arguments for function-like macro invocation 'inu_assert'
C:\Sarthak\projects\3d_anim_renderer\src\model_loading\gltf\gltf.cpp(980,11): warning C4002: too many arguments for function-like macro invocation 'assert'
C:\Sarthak\projects\3d_anim_renderer\src\model_loading\gltf\gltf.cpp(994,11): warning C4002: too many arguments for function-like macro invocation 'assert'
C:\Sarthak\projects\3d_anim_renderer\src\model_loading\gltf\gltf.cpp(1000,11): warning C4002: too many arguments for function-like macro invocation 'assert'
C:\Sarthak\projects\3d_anim_renderer\src\model_loading\gltf\gltf.cpp(1025,11): warning C4002: too many arguments for function-like macro invocation 'assert'
  Generating Code...
  three_d_renderer.vcxproj -> C:\Sarthak\projects\3d_anim_renderer\out\build\Debug\three_d_renderer.exe
