c:\sarthak\projects\3d_anim_renderer\out\build\three_d_renderer.dir\debug\vc143.pdb
c:\sarthak\projects\3d_anim_renderer\out\build\three_d_renderer.dir\debug\gfx.obj
c:\sarthak\projects\3d_anim_renderer\out\build\three_d_renderer.dir\debug\window.obj
c:\sarthak\projects\3d_anim_renderer\out\build\three_d_renderer.dir\debug\main.obj
c:\sarthak\projects\3d_anim_renderer\out\build\three_d_renderer.dir\debug\glew.obj
c:\sarthak\projects\3d_anim_renderer\out\build\three_d_renderer.dir\debug\general.obj
c:\sarthak\projects\3d_anim_renderer\out\build\three_d_renderer.dir\debug\gltf.obj
c:\sarthak\projects\3d_anim_renderer\out\build\three_d_renderer.dir\debug\stb_image.obj
c:\sarthak\projects\3d_anim_renderer\out\build\cmakefiles\generate.stamp
c:\sarthak\projects\3d_anim_renderer\out\build\debug\three_d_renderer.exe
c:\sarthak\projects\3d_anim_renderer\out\build\three_d_renderer.dir\debug\three_d_renderer.ilk
c:\sarthak\projects\3d_anim_renderer\out\build\debug\three_d_renderer.pdb
c:\sarthak\projects\3d_anim_renderer\out\build\three_d_renderer.dir\debug\inu_gfx.obj
c:\sarthak\projects\3d_anim_renderer\out\build\three_d_renderer.dir\debug\three_d_renderer.tlog\cl.command.1.tlog
c:\sarthak\projects\3d_anim_renderer\out\build\three_d_renderer.dir\debug\three_d_renderer.tlog\cl.items.tlog
c:\sarthak\projects\3d_anim_renderer\out\build\three_d_renderer.dir\debug\three_d_renderer.tlog\cl.read.1.tlog
c:\sarthak\projects\3d_anim_renderer\out\build\three_d_renderer.dir\debug\three_d_renderer.tlog\cl.write.1.tlog
c:\sarthak\projects\3d_anim_renderer\out\build\three_d_renderer.dir\debug\three_d_renderer.tlog\custombuild.command.1.tlog
c:\sarthak\projects\3d_anim_renderer\out\build\three_d_renderer.dir\debug\three_d_renderer.tlog\custombuild.read.1.tlog
c:\sarthak\projects\3d_anim_renderer\out\build\three_d_renderer.dir\debug\three_d_renderer.tlog\custombuild.write.1.tlog
c:\sarthak\projects\3d_anim_renderer\out\build\three_d_renderer.dir\debug\three_d_renderer.tlog\link.command.1.tlog
c:\sarthak\projects\3d_anim_renderer\out\build\three_d_renderer.dir\debug\three_d_renderer.tlog\link.read.1.tlog
c:\sarthak\projects\3d_anim_renderer\out\build\three_d_renderer.dir\debug\three_d_renderer.tlog\link.write.1.tlog
